{
  "RSpec": {
    "coverage": {
      "/Users/natashawaller/Development/natasha-waller/Roman-Numerals/spec/number_spec.rb": [
        1,
        1,
        null,
        1,
        null,
        1,
        1,
        1,
        1,
        null,
        1,
        null,
        null,
        null,
        1,
        1,
        1,
        1,
        null,
        1,
        null,
        null,
        null,
        1,
        1,
        1,
        null,
        null,
        1,
        1,
        1,
        null,
        null,
        1,
        1,
        1,
        null,
        null,
        null,
        1,
        1,
        1,
        null,
        null,
        1,
        1,
        1,
        null,
        null,
        1,
        1,
        1,
        null,
        null,
        null
      ],
      "/Users/natashawaller/Development/natasha-waller/Roman-Numerals/number.rb": [
        null,
        1,
        1,
        null,
        1,
        null,
        null,
        null,
        null,
        null,
        null,
        1,
        8,
        null,
        null,
        1,
        null,
        8,
        null,
        null,
        null,
        1,
        null,
        null,
        2,
        null,
        null,
        1,
        null,
        null,
        2,
        null,
        null,
        1,
        null,
        7,
        null,
        null,
        null,
        1,
        null,
        1,
        7,
        null,
        null,
        1,
        2,
        2,
        2,
        5,
        2,
        null,
        null,
        2,
        18,
        1,
        null,
        null,
        2,
        18,
        1,
        null,
        null,
        2,
        18,
        1,
        null,
        null,
        2,
        null,
        null,
        1,
        1,
        1,
        1,
        2,
        1,
        null,
        null,
        1,
        5,
        1,
        null,
        null,
        1,
        4,
        1,
        null,
        null,
        1,
        null,
        null,
        1,
        2,
        2,
        2,
        8,
        2,
        null,
        null,
        2,
        18,
        1,
        null,
        null,
        2,
        null,
        null,
        null,
        1,
        1,
        1,
        1,
        1,
        1,
        null,
        null,
        1,
        null,
        null,
        null,
        null,
        null,
        1,
        1,
        1,
        null,
        null
      ]
    },
    "timestamp": 1573764456
  }
}
